hook.asm:
     1                          ;
     2                          	PUBLIC	CLG
     3                          	PUBLIC	COLOUR
     4                          	PUBLIC	DRAW
     5                          	PUBLIC	ENVEL
     6                          	PUBLIC	GCOL
     7                          	PUBLIC	MODE
     8                          	PUBLIC	MOVE
     9                          	PUBLIC	PLOT
    10                          	PUBLIC	SOUND
    11                          	PUBLIC	PUTIMS
    12                          	PUBLIC	CIRCLE
    13                          	PUBLIC	ELLIPS
    14                          	PUBLIC	FILL
    15                          	PUBLIC	MOUSE
    16                          	PUBLIC	ORIGIN
    17                          	PUBLIC	RECTAN
    18                          	PUBLIC	LINE
    19                          	PUBLIC	TINT
    20                          	PUBLIC	WAIT
    21                          	PUBLIC	SYS
    22                          	PUBLIC	CSRON
    23                          	PUBLIC	CSROFF
    24                          ;
    25                          	PUBLIC	ADVAL
    26                          	PUBLIC	POINT
    27                          	PUBLIC	GETIMS
    28                          	PUBLIC	TINTFN
    29                          	PUBLIC	MODEFN
    30                          	PUBLIC	WIDFN
    31                          ;
    32                          	EXTERN	EXTERR
    33                          ;
    34                          CLG:
    35                          COLOUR:
    36                          DRAW:
    37                          ENVEL:
    38                          GCOL:
    39                          MODE:
    40                          MOVE:
    41                          PLOT:
    42                          SOUND:
    43                          ADVAL:
    44                          POINT:
    45                          GETIMS:
    46                          PUTIMS:
    47                          CIRCLE:
    48                          ELLIPS:
    49                          FILL:
    50                          MOUSE:
    51                          ORIGIN:
    52                          RECTAN:
    53                          LINE:
    54                          TINT:
    55                          TINTFN:
    56                          MODEFN:
    57                          WIDFN:
    58                          WAIT:
    59                          SYS:
    60                          CSRON:
    61                          CSROFF:
    62  0000  af                	XOR	A
    63  0001  cd0000            	CALL	EXTERR
    64  0004  536f727279        	DEFM	"Sorry"
    65  0009  00                	DEFB	0
    66                          ;
    67                          END:	DEFS 0
    68                          
